
> pos2@0.1.0 build
> next build

[baseline-browser-mapping] The data in this module is over two months old.  To ensure accurate Baseline data, please update: `npm i baseline-browser-mapping@latest -D`
   ▲ Next.js 16.0.1 (Turbopack)
   - Environments: .env.local

   Creating an optimized production build ...
[baseline-browser-mapping] The data in this module is over two months old.  To ensure accurate Baseline data, please update: `npm i baseline-browser-mapping@latest -D`

> Build error occurred
Error: Turbopack build failed with 4 errors:
./src/components/layout/ClientLayout.js:4:1
Module not found: Can't resolve './LoadingSpinner'
[0m [90m 2 |[39m [36mimport[39m { [33mQueryProvider[39m } [36mfrom[39m [32m"@/providers/QueryProvider"[39m[33m;[39m
 [90m 3 |[39m [36mimport[39m { useState[33m,[39m useEffect } [36mfrom[39m [32m"react"[39m[33m;[39m
[31m[1m>[22m[39m[90m 4 |[39m [36mimport[39m { [33mLoadingSpinner[39m } [36mfrom[39m [32m"./LoadingSpinner"[39m[33m;[39m
 [90m   |[39m [31m[1m^[22m[39m[31m[1m^[22m[39m[31m[1m^[22m[39m[31m[1m^[22m[39m[31m[1m^[22m[39m[31m[1m^[22m[39m[31m[1m^[22m[39m[31m[1m^[22m[39m[31m[1m^[22m[39m[31m[1m^[22m[39m[31m[1m^[22m[39m[31m[1m^[22m[39m[31m[1m^[22m[39m[31m[1m^[22m[39m[31m[1m^[22m[39m[31m[1m^[22m[39m[31m[1m^[22m[39m[31m[1m^[22m[39m[31m[1m^[22m[39m[31m[1m^[22m[39m[31m[1m^[22m[39m[31m[1m^[22m[39m[31m[1m^[22m[39m[31m[1m^[22m[39m[31m[1m^[22m[39m[31m[1m^[22m[39m[31m[1m^[22m[39m[31m[1m^[22m[39m[31m[1m^[22m[39m[31m[1m^[22m[39m[31m[1m^[22m[39m[31m[1m^[22m[39m[31m[1m^[22m[39m[31m[1m^[22m[39m[31m[1m^[22m[39m[31m[1m^[22m[39m[31m[1m^[22m[39m[31m[1m^[22m[39m[31m[1m^[22m[39m[31m[1m^[22m[39m[31m[1m^[22m[39m[31m[1m^[22m[39m[31m[1m^[22m[39m[31m[1m^[22m[39m[31m[1m^[22m[39m[31m[1m^[22m[39m[31m[1m^[22m[39m[31m[1m^[22m[39m[31m[1m^[22m[39m[31m[1m^[22m[39m
 [90m 5 |[39m
 [90m 6 |[39m [36mexport[39m [36mfunction[39m [33mClientLayout[39m({ children }) {
 [90m 7 |[39m   [36mconst[39m [mounted[33m,[39m setMounted] [33m=[39m useState([36mfalse[39m)[33m;[39m[0m



Import trace:
  Server Component:
    ./src/components/layout/ClientLayout.js
    ./src/app/login/layout.js

https://nextjs.org/docs/messages/module-not-found


./src/components/shared/DevTools.js:5:1
Module not found: Can't resolve './ui/button'
[0m [90m 3 |[39m [36mimport[39m { useOnlineStatus } [36mfrom[39m [32m"./OfflineIndicator"[39m[33m;[39m
 [90m 4 |[39m [36mimport[39m { queryClient } [36mfrom[39m [32m"@/lib/queryClient"[39m[33m;[39m
[31m[1m>[22m[39m[90m 5 |[39m [36mimport[39m { [33mButton[39m } [36mfrom[39m [32m"./ui/button"[39m[33m;[39m
 [90m   |[39m [31m[1m^[22m[39m[31m[1m^[22m[39m[31m[1m^[22m[39m[31m[1m^[22m[39m[31m[1m^[22m[39m[31m[1m^[22m[39m[31m[1m^[22m[39m[31m[1m^[22m[39m[31m[1m^[22m[39m[31m[1m^[22m[39m[31m[1m^[22m[39m[31m[1m^[22m[39m[31m[1m^[22m[39m[31m[1m^[22m[39m[31m[1m^[22m[39m[31m[1m^[22m[39m[31m[1m^[22m[39m[31m[1m^[22m[39m[31m[1m^[22m[39m[31m[1m^[22m[39m[31m[1m^[22m[39m[31m[1m^[22m[39m[31m[1m^[22m[39m[31m[1m^[22m[39m[31m[1m^[22m[39m[31m[1m^[22m[39m[31m[1m^[22m[39m[31m[1m^[22m[39m[31m[1m^[22m[39m[31m[1m^[22m[39m[31m[1m^[22m[39m[31m[1m^[22m[39m[31m[1m^[22m[39m[31m[1m^[22m[39m[31m[1m^[22m[39m[31m[1m^[22m[39m[31m[1m^[22m[39m
 [90m 6 |[39m [36mimport[39m { [33mSettings[39m[33m,[39m [33mTrash2[39m[33m,[39m [33mRefreshCw[39m[33m,[39m [33mDatabase[39m } [36mfrom[39m [32m"lucide-react"[39m[33m;[39m
 [90m 7 |[39m [36mimport[39m logger [36mfrom[39m [32m"@/utils/logger"[39m[33m;[39m
 [90m 8 |[39m[0m



Import trace:
  Client Component Browser:
    ./src/components/shared/DevTools.js [Client Component Browser]
    ./src/components/layout/ClientRoot.js [Client Component Browser]
    ./src/components/layout/ClientRoot.js [Server Component]
    ./src/app/layout.js [Server Component]

https://nextjs.org/docs/messages/module-not-found


./src/app/cashbook/page.js:51:1
Module not found: Can't resolve '@/components/ErrorBoundary'
[0m [90m 49 |[39m   [33mPopoverTrigger[39m[33m,[39m
 [90m 50 |[39m } [36mfrom[39m [32m"@/components/ui/popover"[39m[33m;[39m
[31m[1m>[22m[39m[90m 51 |[39m [36mimport[39m { [33mDataErrorBoundary[39m } [36mfrom[39m [32m"@/components/ErrorBoundary"[39m[33m;[39m
 [90m    |[39m [31m[1m^[22m[39m[31m[1m^[22m[39m[31m[1m^[22m[39m[31m[1m^[22m[39m[31m[1m^[22m[39m[31m[1m^[22m[39m[31m[1m^[22m[39m[31m[1m^[22m[39m[31m[1m^[22m[39m[31m[1m^[22m[39m[31m[1m^[22m[39m[31m[1m^[22m[39m[31m[1m^[22m[39m[31m[1m^[22m[39m[31m[1m^[22m[39m[31m[1m^[22m[39m[31m[1m^[22m[39m[31m[1m^[22m[39m[31m[1m^[22m[39m[31m[1m^[22m[39m[31m[1m^[22m[39m[31m[1m^[22m[39m[31m[1m^[22m[39m[31m[1m^[22m[39m[31m[1m^[22m[39m[31m[1m^[22m[39m[31m[1m^[22m[39m[31m[1m^[22m[39m[31m[1m^[22m[39m[31m[1m^[22m[39m[31m[1m^[22m[39m[31m[1m^[22m[39m[31m[1m^[22m[39m[31m[1m^[22m[39m[31m[1m^[22m[39m[31m[1m^[22m[39m[31m[1m^[22m[39m[31m[1m^[22m[39m[31m[1m^[22m[39m[31m[1m^[22m[39m[31m[1m^[22m[39m[31m[1m^[22m[39m[31m[1m^[22m[39m[31m[1m^[22m[39m[31m[1m^[22m[39m[31m[1m^[22m[39m[31m[1m^[22m[39m[31m[1m^[22m[39m[31m[1m^[22m[39m[31m[1m^[22m[39m[31m[1m^[22m[39m[31m[1m^[22m[39m[31m[1m^[22m[39m[31m[1m^[22m[39m[31m[1m^[22m[39m[31m[1m^[22m[39m[31m[1m^[22m[39m[31m[1m^[22m[39m[31m[1m^[22m[39m[31m[1m^[22m[39m[31m[1m^[22m[39m[31m[1m^[22m[39m[31m[1m^[22m[39m
 [90m 52 |[39m [36mimport[39m { [33mPagination[39m } [36mfrom[39m [32m"@/components/Pagination"[39m[33m;[39m
 [90m 53 |[39m
 [90m 54 |[39m [36mexport[39m [36mdefault[39m [36mfunction[39m [33mCashBookPage[39m() {[0m

Import map: aliased to relative './src/components/ErrorBoundary' inside of [project]/


Import traces:
  Client Component Browser:
    ./src/app/cashbook/page.js [Client Component Browser]
    ./src/app/cashbook/page.js [Server Component]

  Client Component SSR:
    ./src/app/cashbook/page.js [Client Component SSR]
    ./src/app/cashbook/page.js [Server Component]

https://nextjs.org/docs/messages/module-not-found


./src/app/cashbook/page.js:52:1
Module not found: Can't resolve '@/components/Pagination'
[0m [90m 50 |[39m } [36mfrom[39m [32m"@/components/ui/popover"[39m[33m;[39m
 [90m 51 |[39m [36mimport[39m { [33mDataErrorBoundary[39m } [36mfrom[39m [32m"@/components/ErrorBoundary"[39m[33m;[39m
[31m[1m>[22m[39m[90m 52 |[39m [36mimport[39m { [33mPagination[39m } [36mfrom[39m [32m"@/components/Pagination"[39m[33m;[39m
 [90m    |[39m [31m[1m^[22m[39m[31m[1m^[22m[39m[31m[1m^[22m[39m[31m[1m^[22m[39m[31m[1m^[22m[39m[31m[1m^[22m[39m[31m[1m^[22m[39m[31m[1m^[22m[39m[31m[1m^[22m[39m[31m[1m^[22m[39m[31m[1m^[22m[39m[31m[1m^[22m[39m[31m[1m^[22m[39m[31m[1m^[22m[39m[31m[1m^[22m[39m[31m[1m^[22m[39m[31m[1m^[22m[39m[31m[1m^[22m[39m[31m[1m^[22m[39m[31m[1m^[22m[39m[31m[1m^[22m[39m[31m[1m^[22m[39m[31m[1m^[22m[39m[31m[1m^[22m[39m[31m[1m^[22m[39m[31m[1m^[22m[39m[31m[1m^[22m[39m[31m[1m^[22m[39m[31m[1m^[22m[39m[31m[1m^[22m[39m[31m[1m^[22m[39m[31m[1m^[22m[39m[31m[1m^[22m[39m[31m[1m^[22m[39m[31m[1m^[22m[39m[31m[1m^[22m[39m[31m[1m^[22m[39m[31m[1m^[22m[39m[31m[1m^[22m[39m[31m[1m^[22m[39m[31m[1m^[22m[39m[31m[1m^[22m[39m[31m[1m^[22m[39m[31m[1m^[22m[39m[31m[1m^[22m[39m[31m[1m^[22m[39m[31m[1m^[22m[39m[31m[1m^[22m[39m[31m[1m^[22m[39m[31m[1m^[22m[39m[31m[1m^[22m[39m[31m[1m^[22m[39m[31m[1m^[22m[39m
 [90m 53 |[39m
 [90m 54 |[39m [36mexport[39m [36mdefault[39m [36mfunction[39m [33mCashBookPage[39m() {
 [90m 55 |[39m   [36mconst[39m { toast } [33m=[39m useToast()[33m;[39m[0m

Import map: aliased to relative './src/components/Pagination' inside of [project]/


Import traces:
  Client Component Browser:
    ./src/app/cashbook/page.js [Client Component Browser]
    ./src/app/cashbook/page.js [Server Component]

  Client Component SSR:
    ./src/app/cashbook/page.js [Client Component SSR]
    ./src/app/cashbook/page.js [Server Component]

https://nextjs.org/docs/messages/module-not-found


    at <unknown> (./src/components/layout/ClientLayout.js:4:1)
    at <unknown> (https://nextjs.org/docs/messages/module-not-found)
    at <unknown> (./src/components/shared/DevTools.js:5:1)
    at <unknown> (https://nextjs.org/docs/messages/module-not-found)
    at <unknown> (./src/app/cashbook/page.js:51:1)
    at <unknown> (https://nextjs.org/docs/messages/module-not-found)
    at <unknown> (./src/app/cashbook/page.js:52:1)
    at <unknown> (https://nextjs.org/docs/messages/module-not-found)
